<?xml version="1.0" encoding="UTF-8"?>
<!-- Generated by org.testng.reporters.JUnitXMLReporter -->
<testsuite ignored="0" hostname="DESKTOP-QFCL18R" failures="0" tests="5" name="Default test" time="58.278" errors="0" timestamp="2022-07-22T00:41:57 IST">
  <testcase classname="TestCases.HrmLogin" name="Login" time="5.217"/>
  <testcase classname="TestCases.HrmLogin" name="Login" time="1.853"/>
  <testcase classname="TestCases.HrmLogin" name="Login" time="1.655"/>
  <testcase classname="TestCases.HrmLogin" name="Login" time="1.469"/>
  <testcase classname="TestCases.HrmLogin" name="Login" time="19.844"/>
</testsuite> <!-- Default test -->
